<?xml version="1.0" encoding="UTF-8"?>
<testng-results skipped="0" failed="0" ignored="0" total="1" passed="1">
  <reporter-output>
  </reporter-output>
  <suite name="Default suite" duration-ms="68" started-at="2020-08-19T15:58:03 IST" finished-at="2020-08-19T15:58:03 IST">
    <groups>
    </groups>
    <test name="Default test" duration-ms="68" started-at="2020-08-19T15:58:03 IST" finished-at="2020-08-19T15:58:03 IST">
      <class name="Test">
        <test-method status="PASS" signature="test()[pri:0, instance:Test@4146d603]" name="test" duration-ms="10" started-at="2020-08-19T15:58:03 IST" finished-at="2020-08-19T15:58:03 IST">
          <reporter-output>
          </reporter-output>
        </test-method> <!-- test -->
      </class> <!-- Test -->
    </test> <!-- Default test -->
  </suite> <!-- Default suite -->
</testng-results>
